This is pdfTeX, Version 3.14159265-2.6-1.40.17 (TeX Live 2016) (preloaded format=pdflatex 2017.3.20)  4 FEB 2019 15:14
entering extended mode
 restricted \write18 enabled.
 file:line:error style messages enabled.
 %&-line parsing enabled.
**GroupProject.tex
(./GroupProject.tex
LaTeX2e <2016/03/31>
Babel <3.9r> and hyphenation patterns for 83 language(s) loaded.
(/usr/local/texlive/2016/texmf-dist/tex/latex/base/article.cls
Document Class: article 2014/09/29 v1.4h Standard LaTeX document class
(/usr/local/texlive/2016/texmf-dist/tex/latex/base/size10.clo
File: size10.clo 2014/09/29 v1.4h Standard LaTeX file (size option)
)
\c@part=\count79
\c@section=\count80
\c@subsection=\count81
\c@subsubsection=\count82
\c@paragraph=\count83
\c@subparagraph=\count84
\c@figure=\count85
\c@table=\count86
\abovecaptionskip=\skip41
\belowcaptionskip=\skip42
\bibindent=\dimen102
) (/usr/local/texlive/2016/texmf-dist/tex/latex/tools/array.sty
Package: array 2014/10/28 v2.4c Tabular extension package (FMi)
\col@sep=\dimen103
\extrarowheight=\dimen104
\NC@list=\toks14
\extratabsurround=\skip43
\backup@length=\skip44
) (./GroupProject.aux)
\openout1 = `GroupProject.aux'.

LaTeX Font Info:    Checking defaults for OML/cmm/m/it on input line 8.
LaTeX Font Info:    ... okay on input line 8.
LaTeX Font Info:    Checking defaults for T1/cmr/m/n on input line 8.
LaTeX Font Info:    ... okay on input line 8.
LaTeX Font Info:    Checking defaults for OT1/cmr/m/n on input line 8.
LaTeX Font Info:    ... okay on input line 8.
LaTeX Font Info:    Checking defaults for OMS/cmsy/m/n on input line 8.
LaTeX Font Info:    ... okay on input line 8.
LaTeX Font Info:    Checking defaults for OMX/cmex/m/n on input line 8.
LaTeX Font Info:    ... okay on input line 8.
LaTeX Font Info:    Checking defaults for U/cmr/m/n on input line 8.
LaTeX Font Info:    ... okay on input line 8.
LaTeX Font Info:    External font `cmex10' loaded for size
(Font)              <12> on input line 9.
LaTeX Font Info:    External font `cmex10' loaded for size
(Font)              <8> on input line 9.
LaTeX Font Info:    External font `cmex10' loaded for size
(Font)              <6> on input line 9.
 [1

{/usr/local/texlive/2016/texmf-var/fonts/map/pdftex/updmap/pdftex.map}]
LaTeX Font Info:    External font `cmex10' loaded for size
(Font)              <7> on input line 58.
LaTeX Font Info:    External font `cmex10' loaded for size
(Font)              <5> on input line 58.

Underfull \hbox (badness 10000) in paragraph at lines 60--60
[]|\OT1/cmr/bx/n/10 Start
 []


Underfull \hbox (badness 10000) in paragraph at lines 60--60
[]|\OT1/cmr/bx/n/10 End
 []


Overfull \hbox (3.39566pt too wide) in paragraph at lines 60--61
[]|\OT1/cmr/bx/n/10 Status| 
 []


Underfull \hbox (badness 10000) in paragraph at lines 62--62
[]|\OT1/cmr/m/n/10 Kick-off
 []


Underfull \hbox (badness 10000) in paragraph at lines 62--62
[]|\OT1/cmr/m/n/10 Jan
 []


Underfull \hbox (badness 10000) in paragraph at lines 62--62
\OT1/cmr/m/n/10 21,
 []


Underfull \hbox (badness 10000) in paragraph at lines 62--62
[]|\OT1/cmr/m/n/10 Jan
 []


Underfull \hbox (badness 10000) in paragraph at lines 62--62
\OT1/cmr/m/n/10 27,
 []


Underfull \hbox (badness 10000) in paragraph at lines 64--64
[]|\OT1/cmr/m/n/10 Jan
 []


Underfull \hbox (badness 10000) in paragraph at lines 64--64
\OT1/cmr/m/n/10 28,
 []


Underfull \hbox (badness 10000) in paragraph at lines 66--66
[]|\OT1/cmr/m/n/10 March
 []


Underfull \hbox (badness 10000) in paragraph at lines 66--66
\OT1/cmr/m/n/10 21,
 []


Underfull \hbox (badness 10000) in paragraph at lines 68--68
[]|\OT1/cmr/m/n/10 Initial Re-
 []


Underfull \hbox (badness 10000) in paragraph at lines 68--68
[]|\OT1/cmr/m/n/10 Jan
 []


Underfull \hbox (badness 10000) in paragraph at lines 68--68
\OT1/cmr/m/n/10 29,
 []


Underfull \hbox (badness 8038) in paragraph at lines 70--70
[]|\OT1/cmr/m/n/10 Group Pre-
 []


Underfull \hbox (badness 10000) in paragraph at lines 70--70
[]|\OT1/cmr/m/n/10 To demon-strate
 []


Underfull \hbox (badness 7740) in paragraph at lines 70--70
\OT1/cmr/m/n/10 the group ini-tial
 []


Underfull \hbox (badness 3668) in paragraph at lines 70--70
\OT1/cmr/m/n/10 share the project
 []


Underfull \hbox (badness 10000) in paragraph at lines 72--72
[]|\OT1/cmr/m/n/10 Software
 []


Underfull \hbox (badness 10000) in paragraph at lines 72--72
[]|\OT1/cmr/m/n/10 March
 []


Underfull \hbox (badness 10000) in paragraph at lines 72--72
\OT1/cmr/m/n/10 15,
 []


Underfull \hbox (badness 10000) in paragraph at lines 72--72
[]|\OT1/cmr/m/n/10 March
 []


Underfull \hbox (badness 10000) in paragraph at lines 72--72
\OT1/cmr/m/n/10 21,
 []


Underfull \hbox (badness 1102) in paragraph at lines 74--74
[]|\OT1/cmr/m/n/10 To sub-mit the fi-
 []


Underfull \hbox (badness 1946) in paragraph at lines 74--74
\OT1/cmr/m/n/10 ma-tion about the
 []


Underfull \hbox (badness 5622) in paragraph at lines 74--74
\OT1/cmr/m/n/10 soft-ware and the
 []


Underfull \hbox (badness 10000) in paragraph at lines 74--74
[]|\OT1/cmr/m/n/10 March
 []


Underfull \hbox (badness 10000) in paragraph at lines 74--74
\OT1/cmr/m/n/10 28,
 []


Underfull \hbox (badness 10000) in paragraph at lines 76--76
[]|\OT1/cmr/m/n/10 Final Pre-
 []


Underfull \hbox (badness 10000) in paragraph at lines 76--76
[]|\OT1/cmr/m/n/10 March
 []


Underfull \hbox (badness 10000) in paragraph at lines 76--76
\OT1/cmr/m/n/10 22,
 []


Underfull \hbox (badness 10000) in paragraph at lines 76--76
[]|\OT1/cmr/m/n/10 March
 []


Underfull \hbox (badness 10000) in paragraph at lines 76--76
\OT1/cmr/m/n/10 29,
 []

[2] [3]
LaTeX Font Info:    Try loading font information for OMS+cmr on input line 101.
 (/usr/local/texlive/2016/texmf-dist/tex/latex/base/omscmr.fd
File: omscmr.fd 2014/09/29 v2.5h Standard LaTeX font definitions
)
LaTeX Font Info:    Font shape `OMS/cmr/m/n' in size <10> not available
(Font)              Font shape `OMS/cmsy/m/n' tried instead on input line 101.
 [4]
Missing character: There is no â in font cmr10!
Missing character: There is no € in font cmr10!
Missing character: There is no ™ in font cmr10!
Missing character: There is no â in font cmr10!
Missing character: There is no € in font cmr10!
Missing character: There is no ™ in font cmr10!
 [5] (./GroupProject.aux) ) 
Here is how much of TeX's memory you used:
 297 strings out of 493014
 3439 string characters out of 6133351
 66601 words of memory out of 5000000
 3908 multiletter control sequences out of 15000+600000
 7895 words of font info for 28 fonts, out of 8000000 for 9000
 1141 hyphenation exceptions out of 8191
 23i,9n,19p,470b,188s stack positions out of 5000i,500n,10000p,200000b,80000s
</usr/local/texlive/2016/texmf-dist/fonts/type1/public/amsfonts/cm/cmbx10.pfb></usr/local/texlive/2016/texmf-dist/fonts/type1/public/amsfonts/cm/cmbx12.pfb></usr/local/texlive/2016/texmf-dist/fonts/type1/public/amsfonts/cm/cmr10.pfb></usr/local/texlive/2016/texmf-dist/fonts/type1/public/amsfonts/cm/cmr12.pfb></usr/local/texlive/2016/texmf-dist/fonts/type1/public/amsfonts/cm/cmr17.pfb></usr/local/texlive/2016/texmf-dist/fonts/type1/public/amsfonts/cm/cmsy10.pfb>
Output written on GroupProject.pdf (5 pages, 93582 bytes).
PDF statistics:
 44 PDF objects out of 1000 (max. 8388607)
 30 compressed objects within 1 object stream
 0 named destinations out of 1000 (max. 500000)
 1 words of extra memory for PDF output out of 10000 (max. 10000000)

